<?xml version="1.0" encoding="UTF-8"?>

<testsuite xmlns:xsi="http://www.w3.org/2001/XMLSchema-instance" xsi:noNamespaceSchemaLocation="https://maven.apache.org/surefire/maven-surefire-plugin/xsd/surefire-test-report.xsd" name="TripTester" time="0.981" tests="4" errors="0" skipped="0" failures="1">
  <properties>
[...]
</properties>
  <testcase name="testAddTrip" classname="TripTester" time="0.156"/>
  <testcase name="testSearchTrip" classname="TripTester" time="0.221">
    <failure message="expected: &lt;true&gt; but was: &lt;false&gt;" type="org.opentest4j.AssertionFailedError"><![CDATA[org.opentest4j.AssertionFailedError: expected: <true> but was: <false>
	at TripTester.testSearchTrip(TripTester.java:97)
]]></failure>
  </testcase>
  <testcase name="testUpdateTrip" classname="TripTester" time="0.046"/>
  <testcase name="testDeleteTrip" classname="TripTester" time="0.012"/>

</testsuite>