-------------------------------------------------------------------------------
Test set: TripTester
-------------------------------------------------------------------------------
Tests run: 4, Failures: 1, Errors: 0, Skipped: 0, Time elapsed: 0.981 s <<< FAILURE! - in TripTester
testSearchTrip  Time elapsed: 0.221 s  <<< FAILURE!
org.opentest4j.AssertionFailedError: expected: <true> but was: <false>
	at TripTester.testSearchTrip(TripTester.java:97)

